{"/home/charlike/dev/final/postjson/test.js":{"path":"/home/charlike/dev/final/postjson/test.js","s":{"1":1,"2":1,"3":1,"4":14,"5":1,"6":1,"7":1,"8":1,"9":1,"10":1},"b":{"1":[1,13]},"f":{"1":1,"2":14},"fnMap":{"1":{"name":"(anonymous_1)","line":15,"loc":{"start":{"line":15,"column":7},"end":{"line":15,"column":28}}},"2":{"name":"(anonymous_2)","line":16,"loc":{"start":{"line":16,"column":19},"end":{"line":16,"column":35}}}},"statementMap":{"1":{"start":{"line":12,"column":0},"end":{"line":12,"column":33}},"2":{"start":{"line":14,"column":0},"end":{"line":19,"column":4}},"3":{"start":{"line":16,"column":4},"end":{"line":18,"column":6}},"4":{"start":{"line":17,"column":6},"end":{"line":17,"column":56}},"5":{"start":{"line":17,"column":34},"end":{"line":17,"column":56}},"6":{"start":{"line":21,"column":0},"end":{"line":21,"column":53}},"7":{"start":{"line":22,"column":0},"end":{"line":22,"column":28}},"8":{"start":{"line":23,"column":0},"end":{"line":23,"column":22}},"9":{"start":{"line":24,"column":0},"end":{"line":24,"column":21}},"10":{"start":{"line":25,"column":0},"end":{"line":25,"column":29}}},"branchMap":{"1":{"line":17,"type":"if","locations":[{"start":{"line":17,"column":6},"end":{"line":17,"column":6}},{"start":{"line":17,"column":6},"end":{"line":17,"column":6}}]}}},"/home/charlike/dev/final/postjson/index.js":{"path":"/home/charlike/dev/final/postjson/index.js","s":{"1":1,"2":1,"3":1,"4":0,"5":1,"6":1,"7":1,"8":1,"9":1,"10":1,"11":1,"12":1,"13":0,"14":1,"15":1,"16":1,"17":1,"18":1,"19":1,"20":1,"21":1,"22":1,"23":1,"24":1,"25":1,"26":1,"27":1,"28":14,"29":0,"30":14,"31":1,"32":1,"33":1,"34":1,"35":1,"36":1,"37":1,"38":1,"39":1},"b":{"1":[0,1],"2":[1,1],"3":[0,1],"4":[0,1],"5":[1,1],"6":[0,1],"7":[0,1],"8":[1,0],"9":[1,1],"10":[1,0],"11":[0,14],"12":[1,1]},"f":{"1":1,"2":1,"3":1,"4":1,"5":1,"6":1,"7":14,"8":1,"9":1},"fnMap":{"1":{"name":"PostJSON","line":12,"loc":{"start":{"line":12,"column":0},"end":{"line":12,"column":37}}},"2":{"name":"use","line":31,"loc":{"start":{"line":31,"column":25},"end":{"line":31,"column":52}}},"3":{"name":"parse","line":37,"loc":{"start":{"line":37,"column":27},"end":{"line":37,"column":57}}},"4":{"name":"render","line":48,"loc":{"start":{"line":48,"column":28},"end":{"line":48,"column":60}}},"5":{"name":"toString","line":55,"loc":{"start":{"line":55,"column":30},"end":{"line":55,"column":57}}},"6":{"name":"walk","line":59,"loc":{"start":{"line":59,"column":26},"end":{"line":59,"column":51}}},"7":{"name":"(anonymous_7)","line":61,"loc":{"start":{"line":61,"column":31},"end":{"line":61,"column":47}}},"8":{"name":"process","line":67,"loc":{"start":{"line":67,"column":29},"end":{"line":67,"column":61}}},"9":{"name":"(anonymous_9)","line":70,"loc":{"start":{"line":70,"column":23},"end":{"line":70,"column":41}}}},"statementMap":{"1":{"start":{"line":10,"column":0},"end":{"line":10,"column":30}},"2":{"start":{"line":12,"column":0},"end":{"line":21,"column":1}},"3":{"start":{"line":13,"column":2},"end":{"line":15,"column":3}},"4":{"start":{"line":14,"column":4},"end":{"line":14,"column":41}},"5":{"start":{"line":16,"column":2},"end":{"line":19,"column":29}},"6":{"start":{"line":20,"column":2},"end":{"line":20,"column":40}},"7":{"start":{"line":31,"column":0},"end":{"line":35,"column":1}},"8":{"start":{"line":32,"column":2},"end":{"line":32,"column":77}},"9":{"start":{"line":33,"column":2},"end":{"line":33,"column":56}},"10":{"start":{"line":34,"column":2},"end":{"line":34,"column":13}},"11":{"start":{"line":37,"column":0},"end":{"line":46,"column":1}},"12":{"start":{"line":38,"column":2},"end":{"line":40,"column":3}},"13":{"start":{"line":39,"column":4},"end":{"line":39,"column":75}},"14":{"start":{"line":42,"column":2},"end":{"line":42,"column":77}},"15":{"start":{"line":43,"column":2},"end":{"line":43,"column":62}},"16":{"start":{"line":44,"column":2},"end":{"line":44,"column":59}},"17":{"start":{"line":45,"column":2},"end":{"line":45,"column":13}},"18":{"start":{"line":48,"column":0},"end":{"line":53,"column":1}},"19":{"start":{"line":49,"column":2},"end":{"line":49,"column":81}},"20":{"start":{"line":50,"column":2},"end":{"line":50,"column":77}},"21":{"start":{"line":51,"column":2},"end":{"line":51,"column":58}},"22":{"start":{"line":52,"column":2},"end":{"line":52,"column":13}},"23":{"start":{"line":55,"column":0},"end":{"line":57,"column":1}},"24":{"start":{"line":56,"column":2},"end":{"line":56,"column":48}},"25":{"start":{"line":59,"column":0},"end":{"line":65,"column":1}},"26":{"start":{"line":60,"column":2},"end":{"line":60,"column":17}},"27":{"start":{"line":61,"column":2},"end":{"line":64,"column":4}},"28":{"start":{"line":62,"column":4},"end":{"line":62,"column":55}},"29":{"start":{"line":62,"column":29},"end":{"line":62,"column":55}},"30":{"start":{"line":63,"column":4},"end":{"line":63,"column":12}},"31":{"start":{"line":67,"column":0},"end":{"line":75,"column":1}},"32":{"start":{"line":68,"column":2},"end":{"line":68,"column":17}},"33":{"start":{"line":69,"column":2},"end":{"line":69,"column":26}},"34":{"start":{"line":70,"column":2},"end":{"line":73,"column":4}},"35":{"start":{"line":71,"column":4},"end":{"line":71,"column":62}},"36":{"start":{"line":72,"column":4},"end":{"line":72,"column":32}},"37":{"start":{"line":74,"column":2},"end":{"line":74,"column":45}},"38":{"start":{"line":84,"column":0},"end":{"line":84,"column":31}},"39":{"start":{"line":93,"column":0},"end":{"line":93,"column":34}}},"branchMap":{"1":{"line":13,"type":"if","locations":[{"start":{"line":13,"column":2},"end":{"line":13,"column":2}},{"start":{"line":13,"column":2},"end":{"line":13,"column":2}}]},"2":{"line":19,"type":"binary-expr","locations":[{"start":{"line":19,"column":5},"end":{"line":19,"column":12}},{"start":{"line":19,"column":16},"end":{"line":19,"column":28}}]},"3":{"line":32,"type":"cond-expr","locations":[{"start":{"line":32,"column":27},"end":{"line":32,"column":62}},{"start":{"line":32,"column":65},"end":{"line":32,"column":77}}]},"4":{"line":38,"type":"if","locations":[{"start":{"line":38,"column":2},"end":{"line":38,"column":2}},{"start":{"line":38,"column":2},"end":{"line":38,"column":2}}]},"5":{"line":38,"type":"binary-expr","locations":[{"start":{"line":38,"column":6},"end":{"line":38,"column":29}},{"start":{"line":38,"column":33},"end":{"line":38,"column":56}}]},"6":{"line":42,"type":"cond-expr","locations":[{"start":{"line":42,"column":27},"end":{"line":42,"column":62}},{"start":{"line":42,"column":65},"end":{"line":42,"column":77}}]},"7":{"line":43,"type":"cond-expr","locations":[{"start":{"line":43,"column":41},"end":{"line":43,"column":56}},{"start":{"line":43,"column":59},"end":{"line":43,"column":62}}]},"8":{"line":49,"type":"cond-expr","locations":[{"start":{"line":49,"column":65},"end":{"line":49,"column":69}},{"start":{"line":49,"column":72},"end":{"line":49,"column":81}}]},"9":{"line":49,"type":"binary-expr","locations":[{"start":{"line":49,"column":14},"end":{"line":49,"column":38}},{"start":{"line":49,"column":42},"end":{"line":49,"column":62}}]},"10":{"line":50,"type":"cond-expr","locations":[{"start":{"line":50,"column":27},"end":{"line":50,"column":62}},{"start":{"line":50,"column":65},"end":{"line":50,"column":77}}]},"11":{"line":62,"type":"if","locations":[{"start":{"line":62,"column":4},"end":{"line":62,"column":4}},{"start":{"line":62,"column":4},"end":{"line":62,"column":4}}]},"12":{"line":72,"type":"binary-expr","locations":[{"start":{"line":72,"column":16},"end":{"line":72,"column":19}},{"start":{"line":72,"column":23},"end":{"line":72,"column":32}}]}}},"/home/charlike/dev/final/postjson/utils.js":{"path":"/home/charlike/dev/final/postjson/utils.js","s":{"1":1,"2":1,"3":1,"4":1,"5":1,"6":1,"7":1,"8":1,"9":1,"10":5,"11":24,"12":24,"13":3,"14":3,"15":4,"16":4,"17":21,"18":4,"19":17,"20":24,"21":5,"22":1,"23":1,"24":1,"25":1,"26":5,"27":24,"28":4,"29":4,"30":20,"31":3,"32":3,"33":4,"34":3,"35":17,"36":16,"37":16,"38":1,"39":5,"40":1,"41":1,"42":1,"43":12,"44":1,"45":11,"46":6,"47":5,"48":1},"b":{"1":[3,21],"2":[4,17],"3":[4,20],"4":[3,17],"5":[16,1],"6":[17,17],"7":[1,11],"8":[6,5]},"f":{"1":1,"2":5,"3":24,"4":4,"5":1,"6":5,"7":24,"8":4,"9":12},"fnMap":{"1":{"name":"postjsonParser","line":37,"loc":{"start":{"line":37,"column":23},"end":{"line":37,"column":55}}},"2":{"name":"parse","line":38,"loc":{"start":{"line":38,"column":2},"end":{"line":38,"column":29}}},"3":{"name":"(anonymous_3)","line":39,"loc":{"start":{"line":39,"column":24},"end":{"line":39,"column":44}}},"4":{"name":"(anonymous_4)","line":43,"loc":{"start":{"line":43,"column":20},"end":{"line":43,"column":41}}},"5":{"name":"postjsonRender","line":66,"loc":{"start":{"line":66,"column":23},"end":{"line":66,"column":54}}},"6":{"name":"render","line":67,"loc":{"start":{"line":67,"column":2},"end":{"line":67,"column":28}}},"7":{"name":"(anonymous_7)","line":68,"loc":{"start":{"line":68,"column":31},"end":{"line":68,"column":52}}},"8":{"name":"(anonymous_8)","line":75,"loc":{"start":{"line":75,"column":27},"end":{"line":75,"column":43}}},"9":{"name":"arrayify","line":93,"loc":{"start":{"line":93,"column":17},"end":{"line":93,"column":41}}}},"statementMap":{"1":{"start":{"line":7,"column":0},"end":{"line":7,"column":42}},"2":{"start":{"line":20,"column":0},"end":{"line":20,"column":16}},"3":{"start":{"line":21,"column":0},"end":{"line":21,"column":15}},"4":{"start":{"line":27,"column":0},"end":{"line":27,"column":35}},"5":{"start":{"line":28,"column":0},"end":{"line":28,"column":18}},"6":{"start":{"line":29,"column":0},"end":{"line":29,"column":18}},"7":{"start":{"line":35,"column":0},"end":{"line":35,"column":12}},"8":{"start":{"line":37,"column":0},"end":{"line":59,"column":1}},"9":{"start":{"line":38,"column":2},"end":{"line":55,"column":3}},"10":{"start":{"line":39,"column":4},"end":{"line":53,"column":6}},"11":{"start":{"line":40,"column":6},"end":{"line":40,"column":52}},"12":{"start":{"line":41,"column":6},"end":{"line":51,"column":7}},"13":{"start":{"line":42,"column":8},"end":{"line":42,"column":23}},"14":{"start":{"line":43,"column":8},"end":{"line":46,"column":10}},"15":{"start":{"line":44,"column":10},"end":{"line":44,"column":37}},"16":{"start":{"line":45,"column":10},"end":{"line":45,"column":75}},"17":{"start":{"line":47,"column":13},"end":{"line":51,"column":7}},"18":{"start":{"line":48,"column":8},"end":{"line":48,"column":35}},"19":{"start":{"line":50,"column":8},"end":{"line":50,"column":26}},"20":{"start":{"line":52,"column":6},"end":{"line":52,"column":19}},"21":{"start":{"line":54,"column":4},"end":{"line":54,"column":13}},"22":{"start":{"line":57,"column":2},"end":{"line":57,"column":15}},"23":{"start":{"line":58,"column":2},"end":{"line":58,"column":27}},"24":{"start":{"line":66,"column":0},"end":{"line":91,"column":1}},"25":{"start":{"line":67,"column":2},"end":{"line":87,"column":3}},"26":{"start":{"line":68,"column":4},"end":{"line":85,"column":6}},"27":{"start":{"line":69,"column":6},"end":{"line":72,"column":7}},"28":{"start":{"line":70,"column":8},"end":{"line":70,"column":46}},"29":{"start":{"line":71,"column":8},"end":{"line":71,"column":14}},"30":{"start":{"line":73,"column":6},"end":{"line":79,"column":7}},"31":{"start":{"line":74,"column":8},"end":{"line":74,"column":26}},"32":{"start":{"line":75,"column":8},"end":{"line":77,"column":10}},"33":{"start":{"line":76,"column":10},"end":{"line":76,"column":43}},"34":{"start":{"line":78,"column":8},"end":{"line":78,"column":14}},"35":{"start":{"line":80,"column":6},"end":{"line":83,"column":7}},"36":{"start":{"line":81,"column":8},"end":{"line":81,"column":37}},"37":{"start":{"line":82,"column":8},"end":{"line":82,"column":14}},"38":{"start":{"line":84,"column":6},"end":{"line":84,"column":32}},"39":{"start":{"line":86,"column":4},"end":{"line":86,"column":14}},"40":{"start":{"line":89,"column":2},"end":{"line":89,"column":15}},"41":{"start":{"line":90,"column":2},"end":{"line":90,"column":27}},"42":{"start":{"line":93,"column":0},"end":{"line":97,"column":1}},"43":{"start":{"line":94,"column":2},"end":{"line":94,"column":21}},"44":{"start":{"line":94,"column":12},"end":{"line":94,"column":21}},"45":{"start":{"line":95,"column":2},"end":{"line":95,"column":36}},"46":{"start":{"line":95,"column":26},"end":{"line":95,"column":36}},"47":{"start":{"line":96,"column":2},"end":{"line":96,"column":14}},"48":{"start":{"line":103,"column":0},"end":{"line":103,"column":22}}},"branchMap":{"1":{"line":41,"type":"if","locations":[{"start":{"line":41,"column":6},"end":{"line":41,"column":6}},{"start":{"line":41,"column":6},"end":{"line":41,"column":6}}]},"2":{"line":47,"type":"if","locations":[{"start":{"line":47,"column":13},"end":{"line":47,"column":13}},{"start":{"line":47,"column":13},"end":{"line":47,"column":13}}]},"3":{"line":69,"type":"if","locations":[{"start":{"line":69,"column":6},"end":{"line":69,"column":6}},{"start":{"line":69,"column":6},"end":{"line":69,"column":6}}]},"4":{"line":73,"type":"if","locations":[{"start":{"line":73,"column":6},"end":{"line":73,"column":6}},{"start":{"line":73,"column":6},"end":{"line":73,"column":6}}]},"5":{"line":80,"type":"if","locations":[{"start":{"line":80,"column":6},"end":{"line":80,"column":6}},{"start":{"line":80,"column":6},"end":{"line":80,"column":6}}]},"6":{"line":80,"type":"binary-expr","locations":[{"start":{"line":80,"column":10},"end":{"line":80,"column":20}},{"start":{"line":80,"column":24},"end":{"line":80,"column":47}}]},"7":{"line":94,"type":"if","locations":[{"start":{"line":94,"column":2},"end":{"line":94,"column":2}},{"start":{"line":94,"column":2},"end":{"line":94,"column":2}}]},"8":{"line":95,"type":"if","locations":[{"start":{"line":95,"column":2},"end":{"line":95,"column":2}},{"start":{"line":95,"column":2},"end":{"line":95,"column":2}}]}}}}